2024-10-16 15:15:16,552 : INFO : root : Loading config.
2024-10-16 15:15:16,613 : INFO : ConfigProcessor : Config spec file cache created: /var/folders/sk/hlgw_8g56030_m0z5m9r6pb00000gn/T/config_spec.mpf_cache
2024-10-16 15:15:16,613 : INFO : YamlMultifileConfigLoader : Machine config file #1: config.yaml
2024-10-16 15:15:16,614 : INFO : ConfigProcessor : Loading config from file /Users/shrine/Documents/GitHub/MeowMeowPinball/mpfenv/lib/python3.9/site-packages/mpf/mpfconfig.yaml.
2024-10-16 15:15:16,628 : INFO : ConfigProcessor : Loading config: /Users/shrine/Documents/GitHub/MeowMeowPinball/mpfenv/lib/python3.9/site-packages/mpf/mpfconfig.yaml
2024-10-16 15:15:16,628 : INFO : ConfigProcessor : Loading config from file /Users/shrine/Documents/GitHub/MeowMeowPinball/MeowMeowPinball/config/config.yaml.
2024-10-16 15:15:16,630 : INFO : ConfigProcessor : Config file cache created: /var/folders/sk/hlgw_8g56030_m0z5m9r6pb00000gn/T/405b0fd9fc826dcddeafe8621530b361.mpf_cache
2024-10-16 15:15:16,806 : INFO : ConfigProcessor : Loading config from file /Users/shrine/Documents/GitHub/MeowMeowPinball/mpfenv/lib/python3.9/site-packages/mpf/modes/attract/config/attract.yaml.
2024-10-16 15:15:16,807 : INFO : ConfigProcessor : Loading config: /Users/shrine/Documents/GitHub/MeowMeowPinball/mpfenv/lib/python3.9/site-packages/mpf/modes/attract/config/attract.yaml
2024-10-16 15:15:16,808 : INFO : ConfigProcessor : Config file cache created: /var/folders/sk/hlgw_8g56030_m0z5m9r6pb00000gn/T/7d5660e80a63fedec0b6215922699e0d.mpf_cache
2024-10-16 15:15:16,808 : INFO : ConfigProcessor : Loading config from file /Users/shrine/Documents/GitHub/MeowMeowPinball/mpfenv/lib/python3.9/site-packages/mpf/modes/game/config/game.yaml.
2024-10-16 15:15:16,811 : INFO : ConfigProcessor : Loading config: /Users/shrine/Documents/GitHub/MeowMeowPinball/mpfenv/lib/python3.9/site-packages/mpf/modes/game/config/game.yaml
2024-10-16 15:15:16,812 : INFO : ConfigProcessor : Config file cache created: /var/folders/sk/hlgw_8g56030_m0z5m9r6pb00000gn/T/be78af0ab0ca1178363657b638c96d92.mpf_cache
2024-10-16 15:15:16,812 : INFO : Machine : Mission Pinball Framework Core Engine v0.80.0.dev4
2024-10-16 15:15:16,812 : INFO : Machine : Command line arguments: {'no_load_cache': False, 'create_config_cache': True, 'bcp': False, 'configfile': ['config.yaml'], 'force_assets_load': False, 'platform_integration_test': False, 'jsonlogging': False, 'logfile': 'logs/2024-10-16-15-15-16-mpf-Patricks-MacBook-Pro.local.log', 'pause': False, 'production': False, 'text_ui': True, 'loglevel': 15, 'consoleloglevel': 20, 'force_platform': None, 'syslog_address': None, 'mc_file_name': None, 'no_sound': False, 'full_logfile_path': '/Users/shrine/Documents/GitHub/MeowMeowPinball/MeowMeowPinball/logs/2024-10-16-15-15-16-mpf-Patricks-MacBook-Pro.local.log'}
2024-10-16 15:15:16,812 : INFO : Machine : MPF path: /Users/shrine/Documents/GitHub/MeowMeowPinball/mpfenv/lib/python3.9/site-packages/mpf
2024-10-16 15:15:16,813 : INFO : Machine : Machine path: /Users/shrine/Documents/GitHub/MeowMeowPinball/MeowMeowPinball
2024-10-16 15:15:16,813 : INFO : Machine : Platform: darwin
2024-10-16 15:15:16,813 : INFO : Machine : Python executable location: /Users/shrine/Documents/GitHub/MeowMeowPinball/mpfenv/bin/python3
2024-10-16 15:15:16,813 : INFO : Machine : Python version: 3.9.6 (64-bit)
2024-10-16 15:15:16,814 : INFO : Machine : Initializing MPF...
2024-10-16 15:15:18,226 : INFO : EventManager : Event: ======'machine_var_credits_string'====== Args={'value': 'FREE PLAY', 'prev_value': None, 'change': True}
2024-10-16 15:15:18,258 : INFO : EventManager : Event: ======'machine_var_master_volume'====== Args={'value': 0.5, 'prev_value': None, 'change': True}
2024-10-16 15:15:18,258 : INFO : EventManager : Event: ======'machine_var_mpf_version'====== Args={'value': 'Mission Pinball Framework v0.80.0.dev4', 'prev_value': None, 'change': True}
2024-10-16 15:15:18,258 : INFO : EventManager : Event: ======'machine_var_mpf_extended_version'====== Args={'value': 'Mission Pinball Framework v0.80.0.dev4, Config version:6, Show version: 6, BCP version:1.1', 'prev_value': None, 'change': True}
2024-10-16 15:15:18,258 : INFO : EventManager : Event: ======'machine_var_python_version'====== Args={'value': '3.9.6', 'prev_value': None, 'change': True}
2024-10-16 15:15:18,309 : INFO : EventManager : Event: ======'machine_var_platform'====== Args={'value': 'macOS-12.6.3-x86_64-i386-64bit', 'prev_value': None, 'change': True}
2024-10-16 15:15:18,309 : INFO : EventManager : Event: ======'machine_var_platform_system'====== Args={'value': 'Darwin', 'prev_value': None, 'change': True}
2024-10-16 15:15:18,309 : INFO : EventManager : Event: ======'machine_var_platform_release'====== Args={'value': '21.6.0', 'prev_value': None, 'change': True}
2024-10-16 15:15:18,309 : INFO : EventManager : Event: ======'machine_var_platform_version'====== Args={'value': 'Darwin Kernel Version 21.6.0: Mon Dec 19 20:44:01 PST 2022; root:xnu-8020.240.18~2/RELEASE_X86_64', 'prev_value': None, 'change': True}
2024-10-16 15:15:18,309 : INFO : EventManager : Event: ======'machine_var_platform_machine'====== Args={'value': 'x86_64', 'prev_value': None, 'change': True}
2024-10-16 15:15:18,310 : INFO : EventManager : Event: ======'machine_var_log_file_path'====== Args={'value': '/Users/shrine/Documents/GitHub/MeowMeowPinball/MeowMeowPinball/logs/2024-10-16-15-15-16-mpf-Patricks-MacBook-Pro.local.log', 'prev_value': None, 'change': True}
2024-10-16 15:15:18,310 : INFO : EventManager : Event: ======'init_phase_1'====== Args={}
2024-10-16 15:15:18,325 : INFO : EventManager : Event: ======'init_phase_2'====== Args={}
2024-10-16 15:15:18,335 : INFO : EventManager : Event: ======'init_phase_3'====== Args={}
2024-10-16 15:15:18,337 : INFO : EventManager : Event: ======'init_phase_4'====== Args={}
2024-10-16 15:15:18,340 : INFO : EventManager : Event: ======'machine_var_audits_events_game_started'====== Args={'value': 0, 'prev_value': None, 'change': True}
2024-10-16 15:15:18,340 : INFO : EventManager : Event: ======'machine_var_audits_events_game_ended'====== Args={'value': 0, 'prev_value': None, 'change': True}
2024-10-16 15:15:18,340 : INFO : EventManager : Event: ======'machine_var_audits_player_score'====== Args={'value': {'top': [], 'average': 0, 'total': 0}, 'prev_value': None, 'change': True}
2024-10-16 15:15:18,341 : INFO : EventManager : Event: ======'init_phase_5'====== Args={}
2024-10-16 15:15:18,341 : INFO : EventManager : Event: ======'init_done'====== Args={}
2024-10-16 15:15:18,342 : INFO : EventManager : Event: ======'machine_reset_phase_1'====== Args={}
2024-10-16 15:15:18,342 : INFO : EventManager : Event: ======'machine_reset_phase_2'====== Args={}
2024-10-16 15:15:18,342 : INFO : EventManager : Event: ======'machine_reset_phase_3'====== Args={}
2024-10-16 15:15:18,343 : INFO : EventManager : Event: ======'reset_complete'====== Args={}
2024-10-16 15:15:18,343 : INFO : EventManager : Event: ======'mode_attract_will_start'====== Args={}
2024-10-16 15:15:18,343 : INFO : EventManager : Event: ======'mode_attract_starting'====== Args={}
2024-10-16 15:15:18,343 : INFO : Mode.attract : Started. Priority: 10
2024-10-16 15:15:18,343 : INFO : EventManager : Event: ======'modes_active_modes_changed'====== Args={}
2024-10-16 15:15:18,343 : INFO : EventManager : Event: ======'mode_attract_started'====== Args={}
2024-10-16 15:15:18,343 : INFO : EventManager : Event: ======'collecting_balls_complete'====== Args={}
2024-10-16 15:15:18,344 : INFO : Machine : Starting the main run loop.
2024-10-16 15:15:29,604 : INFO : Machine : Shutting down...
2024-10-16 15:15:29,604 : INFO : EventManager : Event: ======'shutdown'====== Args={}
2024-10-16 15:15:29,609 : INFO : root : MPF run loop ended.
