2025-01-28 23:50:10,085 : INFO : root : Loading config.
2025-01-28 23:50:10,089 : INFO : YamlMultifileConfigLoader : Machine config file #1: config.yaml
2025-01-28 23:50:10,089 : INFO : ConfigProcessor : Loading config from cache: /var/folders/sk/hlgw_8g56030_m0z5m9r6pb00000gn/T/9d448a24523621afdb78b862051ba2ac.mpf_cache
2025-01-28 23:50:10,184 : INFO : ConfigProcessor : Loading config from cache: /var/folders/sk/hlgw_8g56030_m0z5m9r6pb00000gn/T/2901762913346b287e7694410065bca4.mpf_cache
2025-01-28 23:50:10,184 : INFO : ConfigProcessor : Loading config from cache: /var/folders/sk/hlgw_8g56030_m0z5m9r6pb00000gn/T/87795cded02b23fabc958d40b104bea2.mpf_cache
2025-01-28 23:50:10,185 : INFO : Machine : Mission Pinball Framework Core Engine v0.80.0.dev6
2025-01-28 23:50:10,185 : INFO : Machine : Command line arguments: {'no_load_cache': False, 'create_config_cache': True, 'bcp': True, 'configfile': ['config.yaml'], 'force_assets_load': True, 'platform_integration_test': False, 'jsonlogging': False, 'logfile': 'logs/2025-01-28-23-50-10-mpf-Patricks-MacBook-Pro.local.log', 'pause': False, 'production': False, 'text_ui': True, 'loglevel': 15, 'consoleloglevel': 20, 'force_platform': 'virtual', 'syslog_address': None, 'full_logfile_path': '/Users/shrine/Documents/GitHub/MeowMeowPinball/MeowMeowPinball/logs/2025-01-28-23-50-10-mpf-Patricks-MacBook-Pro.local.log'}
2025-01-28 23:50:10,185 : INFO : Machine : MPF path: /Users/shrine/mpfenv/lib/python3.12/site-packages/mpf
2025-01-28 23:50:10,185 : INFO : Machine : Machine path: /Users/shrine/Documents/GitHub/MeowMeowPinball/MeowMeowPinball
2025-01-28 23:50:10,185 : INFO : Machine : Platform: darwin
2025-01-28 23:50:10,185 : INFO : Machine : Python executable location: /Users/shrine/mpfenv/bin/python3.12
2025-01-28 23:50:10,185 : INFO : Machine : Python version: 3.12.8 (64-bit)
2025-01-28 23:50:10,186 : INFO : Machine : Initializing MPF...
2025-01-28 23:50:10,270 : INFO : EventManager : Event: ======'machine_var_credits_string'====== Args={'value': 'FREE PLAY', 'prev_value': None, 'change': True}
2025-01-28 23:50:10,294 : INFO : EventManager : Event: ======'machine_var_master_volume'====== Args={'value': 0.5, 'prev_value': None, 'change': True}
2025-01-28 23:50:10,294 : INFO : EventManager : Event: ======'machine_var_mpf_version'====== Args={'value': 'Mission Pinball Framework v0.80.0.dev6', 'prev_value': None, 'change': True}
2025-01-28 23:50:10,294 : INFO : EventManager : Event: ======'machine_var_mpf_extended_version'====== Args={'value': 'Mission Pinball Framework v0.80.0.dev6, Config version:6, Show version: 6, BCP version:1.1', 'prev_value': None, 'change': True}
2025-01-28 23:50:10,295 : INFO : EventManager : Event: ======'machine_var_python_version'====== Args={'value': '3.12.8', 'prev_value': None, 'change': True}
2025-01-28 23:50:10,312 : INFO : EventManager : Event: ======'machine_var_platform'====== Args={'value': 'macOS-12.6.3-x86_64-i386-64bit', 'prev_value': None, 'change': True}
2025-01-28 23:50:10,313 : INFO : EventManager : Event: ======'machine_var_platform_system'====== Args={'value': 'Darwin', 'prev_value': None, 'change': True}
2025-01-28 23:50:10,313 : INFO : EventManager : Event: ======'machine_var_platform_release'====== Args={'value': '21.6.0', 'prev_value': None, 'change': True}
2025-01-28 23:50:10,313 : INFO : EventManager : Event: ======'machine_var_platform_version'====== Args={'value': 'Darwin Kernel Version 21.6.0: Mon Dec 19 20:44:01 PST 2022; root:xnu-8020.240.18~2/RELEASE_X86_64', 'prev_value': None, 'change': True}
2025-01-28 23:50:10,313 : INFO : EventManager : Event: ======'machine_var_platform_machine'====== Args={'value': 'x86_64', 'prev_value': None, 'change': True}
2025-01-28 23:50:10,314 : INFO : EventManager : Event: ======'machine_var_log_file_path'====== Args={'value': '/Users/shrine/Documents/GitHub/MeowMeowPinball/MeowMeowPinball/logs/2025-01-28-23-50-10-mpf-Patricks-MacBook-Pro.local.log', 'prev_value': None, 'change': True}
2025-01-28 23:50:10,314 : INFO : EventManager : Event: ======'init_phase_1'====== Args={}
2025-01-28 23:50:10,325 : INFO : EventManager : Event: ======'init_phase_2'====== Args={}
2025-01-28 23:50:10,327 : INFO : EventManager : Event: ======'bcp_connection_attempt'====== Args={'name': 'local_display', 'host': 'localhost', 'port': 5050}
2025-01-28 23:50:10,330 : INFO : BCPClientSocket : Connecting BCP to 'local_display' at localhost:5050...
2025-01-28 23:50:10,339 : INFO : BCPClientSocket : Connected BCP to 'local_display' localhost:5050
2025-01-28 23:50:10,339 : INFO : EventManager : Event: ======'bcp_clients_connected'====== Args={}
2025-01-28 23:50:10,349 : INFO : EventManager : Event: ======'init_phase_3'====== Args={}
2025-01-28 23:50:10,351 : INFO : EventManager : Event: ======'init_phase_4'====== Args={}
2025-01-28 23:50:10,358 : INFO : EventManager : Event: ======'machine_var_audits_events_game_started'====== Args={'value': 0, 'prev_value': None, 'change': True}
2025-01-28 23:50:10,358 : INFO : EventManager : Event: ======'machine_var_audits_events_game_ended'====== Args={'value': 0, 'prev_value': None, 'change': True}
2025-01-28 23:50:10,358 : INFO : EventManager : Event: ======'machine_var_audits_player_score'====== Args={'value': {'top': [], 'average': 0, 'total': 0}, 'prev_value': None, 'change': True}
2025-01-28 23:50:10,359 : INFO : EventManager : Event: ======'init_phase_5'====== Args={}
2025-01-28 23:50:10,359 : INFO : EventManager : Event: ======'init_done'====== Args={}
2025-01-28 23:50:10,360 : INFO : EventManager : Event: ======'machine_reset_phase_1'====== Args={}
2025-01-28 23:50:10,374 : INFO : EventManager : Event: ======'machine_reset_phase_2'====== Args={}
2025-01-28 23:50:10,375 : INFO : EventManager : Event: ======'machine_reset_phase_3'====== Args={}
2025-01-28 23:50:10,375 : INFO : EventManager : Event: ======'reset_complete'====== Args={}
2025-01-28 23:50:10,375 : INFO : EventManager : Event: ======'mode_attract_will_start'====== Args={}
2025-01-28 23:50:10,378 : INFO : EventManager : Event: ======'mode_attract_starting'====== Args={}
2025-01-28 23:50:10,378 : INFO : Mode.attract : Started. Priority: 10
2025-01-28 23:50:10,379 : INFO : EventManager : Event: ======'modes_active_modes_changed'====== Args={}
2025-01-28 23:50:10,379 : INFO : EventManager : Event: ======'mode_attract_started'====== Args={}
2025-01-28 23:50:10,379 : INFO : EventManager : Event: ======'collecting_balls_complete'====== Args={}
2025-01-28 23:50:10,380 : INFO : Machine : Starting the main run loop with active modes: [<Mode.attract>]
2025-01-28 23:51:04,862 : INFO : Machine : Shutting down...
2025-01-28 23:51:04,862 : INFO : EventManager : Event: ======'shutdown'====== Args={}
2025-01-28 23:51:04,864 : INFO : root : MPF run loop ended.
